<?xml version="1.0" encoding="UTF-8"?>
<!-- Generated by org.testng.reporters.JUnitXMLReporter -->
<testsuite hostname="USER-20151001SB" ignored="0" name="Default test" tests="3" failures="0" timestamp="26 三月 2018 03:07:16 GMT" time="133.714" errors="0">
  <testcase name="ParameterizationTestSuite" time="70.392" classname="org.keywordsframework.testScripts.TestSuiteByExcel"/>
  <testcase name="ParameterizationTestSuite" time="32.483" classname="org.keywordsframework.testScripts.TestSuiteByExcel"/>
  <testcase name="ParameterizationTestSuite" time="28.13" classname="org.keywordsframework.testScripts.TestSuiteByExcel"/>
</testsuite> <!-- Default test -->
