<?xml version="1.0" encoding="UTF-8"?>
<testng-results skipped="0" failed="0" ignored="0" total="3" passed="3">
  <reporter-output>
  </reporter-output>
  <suite name="Default suite" duration-ms="133714" started-at="2018-03-26T03:05:02Z" finished-at="2018-03-26T03:07:16Z">
    <groups>
    </groups>
    <test name="Default test" duration-ms="133714" started-at="2018-03-26T03:05:02Z" finished-at="2018-03-26T03:07:16Z">
      <class name="org.keywordsframework.testScripts.TestSuiteByExcel">
        <test-method status="PASS" signature="beforeClass()[pri:0, instance:org.keywordsframework.testScripts.TestSuiteByExcel@2ef5e5e3]" name="beforeClass" is-config="true" duration-ms="1511" started-at="2018-03-26T11:05:02Z" finished-at="2018-03-26T11:05:03Z">
          <reporter-output>
          </reporter-output>
        </test-method> <!-- beforeClass -->
        <test-method status="PASS" signature="ParameterizationTestSuite(java.lang.String)[pri:0, instance:org.keywordsframework.testScripts.TestSuiteByExcel@2ef5e5e3]" name="ParameterizationTestSuite" duration-ms="70392" started-at="2018-03-26T11:05:05Z" data-provider="testData" finished-at="2018-03-26T11:06:15Z">
          <params>
            <param index="0">
              <value>
                <![CDATA[2.0]]>
              </value>
            </param>
          </params>
          <reporter-output>
          </reporter-output>
        </test-method> <!-- ParameterizationTestSuite -->
        <test-method status="PASS" signature="ParameterizationTestSuite(java.lang.String)[pri:0, instance:org.keywordsframework.testScripts.TestSuiteByExcel@2ef5e5e3]" name="ParameterizationTestSuite" duration-ms="32483" started-at="2018-03-26T11:06:15Z" data-provider="testData" finished-at="2018-03-26T11:06:47Z">
          <params>
            <param index="0">
              <value>
                <![CDATA[3.0]]>
              </value>
            </param>
          </params>
          <reporter-output>
          </reporter-output>
        </test-method> <!-- ParameterizationTestSuite -->
        <test-method status="PASS" signature="ParameterizationTestSuite(java.lang.String)[pri:0, instance:org.keywordsframework.testScripts.TestSuiteByExcel@2ef5e5e3]" name="ParameterizationTestSuite" duration-ms="28130" started-at="2018-03-26T11:06:47Z" data-provider="testData" finished-at="2018-03-26T11:07:16Z">
          <params>
            <param index="0">
              <value>
                <![CDATA[4.0]]>
              </value>
            </param>
          </params>
          <reporter-output>
          </reporter-output>
        </test-method> <!-- ParameterizationTestSuite -->
      </class> <!-- org.keywordsframework.testScripts.TestSuiteByExcel -->
    </test> <!-- Default test -->
  </suite> <!-- Default suite -->
</testng-results>
